[2026-03-18 18:34:14] === 盤前選股開始 (2026-03-18) ===
[2026-03-18 18:34:14] 使用回測權重 (更新: 2026-03-18 18:12:22)
[2026-03-18 18:38:06] 
分析完成: 34/34 檔 (失敗: 0)
[2026-03-18 18:38:06] 
無買進候選
[2026-03-18 18:38:06] 
觀察名單 (18 檔):
[2026-03-18 18:38:06]   2308: 1465元 評分59.8 RSI52.1 多頭
[2026-03-18 18:38:06]   2412: 138元 評分59.8 RSI55.2 多頭
[2026-03-18 18:38:06]   8046: 567元 評分59.8 RSI51.9 多頭
[2026-03-18 18:38:06]   2486: 163元 評分59.8 RSI62.7 多頭
[2026-03-18 18:38:06]   2344: 128元 評分59.8 RSI56.0 多頭
[2026-03-18 18:38:06]   4919: 90元 評分59.8 RSI69.8 多頭
[2026-03-18 18:38:06]   6415: 290元 評分59.8 RSI53.0 多頭
[2026-03-18 18:38:06]   3189: 366元 評分56.2 RSI60.0 多頭
[2026-03-18 18:38:06] 
避開 (2 檔):
[2026-03-18 18:38:06]   2317: 評分32.2 空頭
[2026-03-18 18:38:06]   2454: 評分25.7 空頭
[2026-03-18 18:38:06] 
結果儲存: /Users/clawagent/.openclaw/workspace/tw-stock-analyzer/today_picks.json
[2026-03-18 18:38:06] === 盤前選股完成 ===
[2026-03-18 18:41:23] === 盤前選股開始 (2026-03-18) ===
[2026-03-18 18:41:23] 使用回測權重 (更新: 2026-03-18 18:12:22)
[2026-03-18 18:41:41] 
分析完成: 34/34 檔 (失敗: 0)
[2026-03-18 18:41:41] 
無買進候選
[2026-03-18 18:41:41] 
觀察名單 (18 檔):
[2026-03-18 18:41:41]   2308: 1465元 評分59.8 RSI52.1 多頭
[2026-03-18 18:41:41]   2412: 138元 評分59.8 RSI55.2 多頭
[2026-03-18 18:41:41]   8046: 567元 評分59.8 RSI51.9 多頭
[2026-03-18 18:41:41]   2486: 163元 評分59.8 RSI62.7 多頭
[2026-03-18 18:41:41]   2344: 128元 評分59.8 RSI56.0 多頭
[2026-03-18 18:41:41]   4919: 90元 評分59.8 RSI69.8 多頭
[2026-03-18 18:41:41]   6415: 290元 評分59.8 RSI53.0 多頭
[2026-03-18 18:41:41]   3189: 366元 評分56.2 RSI60.0 多頭
[2026-03-18 18:41:41] 
避開 (2 檔):
[2026-03-18 18:41:41]   2317: 評分32.2 空頭
[2026-03-18 18:41:41]   2454: 評分25.7 空頭
[2026-03-18 18:41:41] 
結果儲存: /Users/clawagent/.openclaw/workspace/tw-stock-analyzer/today_picks.json
[2026-03-18 18:41:41] === 盤前選股完成 ===
